  [1m[35m (0.1ms)[0m  [1m[34mSELECT sqlite_version(*)[0m
  [1m[35m (1.6ms)[0m  [1m[35mCREATE TABLE "schema_migrations" ("version" varchar NOT NULL PRIMARY KEY)[0m
  [1m[35m (1.2ms)[0m  [1m[35mCREATE TABLE "ar_internal_metadata" ("key" varchar NOT NULL PRIMARY KEY, "value" varchar, "created_at" datetime NOT NULL, "updated_at" datetime NOT NULL)[0m
  [1m[35m (0.2ms)[0m  [1m[34mSELECT "schema_migrations"."version" FROM "schema_migrations" ORDER BY "schema_migrations"."version" ASC[0m
Migrating to CreateKnowledgeMaps (20170608113859)
  [1m[35m (0.1ms)[0m  [1m[36mbegin transaction[0m
  [1m[35m (0.5ms)[0m  [1m[35mCREATE TABLE "knowledge_maps" ("id" INTEGER PRIMARY KEY AUTOINCREMENT NOT NULL, "name" varchar, "description" text, "created_at" datetime NOT NULL, "updated_at" datetime NOT NULL)[0m
  [1m[35mSQL (0.2ms)[0m  [1m[32mINSERT INTO "schema_migrations" ("version") VALUES (?)[0m  [["version", "20170608113859"]]
  [1m[35m (1.1ms)[0m  [1m[36mcommit transaction[0m
  [1m[36mActiveRecord::InternalMetadata Load (0.5ms)[0m  [1m[34mSELECT  "ar_internal_metadata".* FROM "ar_internal_metadata" WHERE "ar_internal_metadata"."key" = ? LIMIT ?[0m  [["key", "environment"], ["LIMIT", 1]]
  [1m[35m (0.1ms)[0m  [1m[36mbegin transaction[0m
  [1m[35mSQL (0.4ms)[0m  [1m[32mINSERT INTO "ar_internal_metadata" ("key", "value", "created_at", "updated_at") VALUES (?, ?, ?, ?)[0m  [["key", "environment"], ["value", "development"], ["created_at", "2017-06-08 11:42:50.457592"], ["updated_at", "2017-06-08 11:42:50.457592"]]
  [1m[35m (1.0ms)[0m  [1m[36mcommit transaction[0m
  [1m[35m (0.1ms)[0m  [1m[34mSELECT "schema_migrations"."version" FROM "schema_migrations" ORDER BY "schema_migrations"."version" ASC[0m
  [1m[35m (0.6ms)[0m  [1m[34mSELECT "schema_migrations"."version" FROM "schema_migrations" ORDER BY "schema_migrations"."version" ASC[0m
Migrating to CreateTopics (20170608115728)
  [1m[35m (0.1ms)[0m  [1m[36mbegin transaction[0m
  [1m[35m (0.1ms)[0m  [1m[31mrollback transaction[0m
  [1m[35m (1.1ms)[0m  [1m[34mSELECT "schema_migrations"."version" FROM "schema_migrations" ORDER BY "schema_migrations"."version" ASC[0m
Migrating to CreateTopics (20170608115929)
  [1m[35m (0.1ms)[0m  [1m[36mbegin transaction[0m
  [1m[35m (0.7ms)[0m  [1m[34mSELECT sqlite_version(*)[0m
  [1m[35m (3.5ms)[0m  [1m[35mCREATE TABLE "topics" ("id" INTEGER PRIMARY KEY AUTOINCREMENT NOT NULL, "name" varchar, "classification" varchar, "knowledge_maps_id" integer, "topics_id" integer, "created_at" datetime NOT NULL, "updated_at" datetime NOT NULL, CONSTRAINT "fk_rails_dafa8ee63e"
FOREIGN KEY ("knowledge_maps_id")
  REFERENCES "knowledge_maps" ("id")
, CONSTRAINT "fk_rails_e0cad0ea9a"
FOREIGN KEY ("topics_id")
  REFERENCES "topics" ("id")
)[0m
  [1m[35m (0.2ms)[0m  [1m[35mCREATE  INDEX "index_topics_on_knowledge_maps_id" ON "topics" ("knowledge_maps_id")[0m
  [1m[35m (0.1ms)[0m  [1m[34m            SELECT sql
            FROM sqlite_master
            WHERE name='index_topics_on_knowledge_maps_id' AND type='index'
            UNION ALL
            SELECT sql
            FROM sqlite_temp_master
            WHERE name='index_topics_on_knowledge_maps_id' AND type='index'
[0m
  [1m[35m (0.1ms)[0m  [1m[35mCREATE  INDEX "index_topics_on_topics_id" ON "topics" ("topics_id")[0m
  [1m[35mSQL (0.6ms)[0m  [1m[32mINSERT INTO "schema_migrations" ("version") VALUES (?)[0m  [["version", "20170608115929"]]
  [1m[35m (1.0ms)[0m  [1m[36mcommit transaction[0m
  [1m[36mActiveRecord::InternalMetadata Load (1.0ms)[0m  [1m[34mSELECT  "ar_internal_metadata".* FROM "ar_internal_metadata" WHERE "ar_internal_metadata"."key" = ? LIMIT ?[0m  [["key", "environment"], ["LIMIT", 1]]
  [1m[35m (0.1ms)[0m  [1m[36mbegin transaction[0m
  [1m[35m (0.0ms)[0m  [1m[36mcommit transaction[0m
  [1m[35m (0.1ms)[0m  [1m[34mSELECT "schema_migrations"."version" FROM "schema_migrations" ORDER BY "schema_migrations"."version" ASC[0m
  [1m[35m (0.1ms)[0m  [1m[34m            SELECT sql
            FROM sqlite_master
            WHERE name='index_topics_on_topics_id' AND type='index'
            UNION ALL
            SELECT sql
            FROM sqlite_temp_master
            WHERE name='index_topics_on_topics_id' AND type='index'
[0m
  [1m[35m (0.1ms)[0m  [1m[34m            SELECT sql
            FROM sqlite_master
            WHERE name='index_topics_on_knowledge_maps_id' AND type='index'
            UNION ALL
            SELECT sql
            FROM sqlite_temp_master
            WHERE name='index_topics_on_knowledge_maps_id' AND type='index'
[0m
  [1m[35m (0.6ms)[0m  [1m[34mSELECT "schema_migrations"."version" FROM "schema_migrations" ORDER BY "schema_migrations"."version" ASC[0m
  [1m[35m (0.1ms)[0m  [1m[34mSELECT "schema_migrations"."version" FROM "schema_migrations" ORDER BY "schema_migrations"."version" ASC[0m
Migrating to CreateTopics (20170608115929)
  [1m[35m (0.1ms)[0m  [1m[36mbegin transaction[0m
  [1m[35m (2.4ms)[0m  [1m[35mDROP TABLE "topics"[0m
  [1m[35mSQL (0.6ms)[0m  [1m[31mDELETE FROM "schema_migrations" WHERE "schema_migrations"."version" = ?[0m  [["version", "20170608115929"]]
  [1m[35m (0.9ms)[0m  [1m[36mcommit transaction[0m
  [1m[35m (0.3ms)[0m  [1m[34mSELECT "schema_migrations"."version" FROM "schema_migrations" ORDER BY "schema_migrations"."version" ASC[0m
  [1m[35m (0.7ms)[0m  [1m[34mSELECT "schema_migrations"."version" FROM "schema_migrations" ORDER BY "schema_migrations"."version" ASC[0m
Migrating to CreateTopics (20170608115929)
  [1m[35m (0.2ms)[0m  [1m[36mbegin transaction[0m
  [1m[35m (0.7ms)[0m  [1m[34mSELECT sqlite_version(*)[0m
  [1m[35m (2.0ms)[0m  [1m[35mCREATE TABLE "topics" ("id" INTEGER PRIMARY KEY AUTOINCREMENT NOT NULL, "name" varchar, "classification" varchar, "knowledge_map_id" integer, "topic_id" integer, "created_at" datetime NOT NULL, "updated_at" datetime NOT NULL, CONSTRAINT "fk_rails_44f29989c6"
FOREIGN KEY ("knowledge_map_id")
  REFERENCES "knowledge_maps" ("id")
, CONSTRAINT "fk_rails_d90b11e9bb"
FOREIGN KEY ("topic_id")
  REFERENCES "topics" ("id")
)[0m
  [1m[35m (0.8ms)[0m  [1m[35mCREATE  INDEX "index_topics_on_knowledge_map_id" ON "topics" ("knowledge_map_id")[0m
  [1m[35m (0.1ms)[0m  [1m[34m            SELECT sql
            FROM sqlite_master
            WHERE name='index_topics_on_knowledge_map_id' AND type='index'
            UNION ALL
            SELECT sql
            FROM sqlite_temp_master
            WHERE name='index_topics_on_knowledge_map_id' AND type='index'
[0m
  [1m[35m (0.2ms)[0m  [1m[35mCREATE  INDEX "index_topics_on_topic_id" ON "topics" ("topic_id")[0m
  [1m[35mSQL (0.7ms)[0m  [1m[32mINSERT INTO "schema_migrations" ("version") VALUES (?)[0m  [["version", "20170608115929"]]
  [1m[35m (2.6ms)[0m  [1m[36mcommit transaction[0m
  [1m[36mActiveRecord::InternalMetadata Load (1.0ms)[0m  [1m[34mSELECT  "ar_internal_metadata".* FROM "ar_internal_metadata" WHERE "ar_internal_metadata"."key" = ? LIMIT ?[0m  [["key", "environment"], ["LIMIT", 1]]
  [1m[35m (0.1ms)[0m  [1m[36mbegin transaction[0m
  [1m[35m (0.1ms)[0m  [1m[36mcommit transaction[0m
  [1m[35m (0.1ms)[0m  [1m[34mSELECT "schema_migrations"."version" FROM "schema_migrations" ORDER BY "schema_migrations"."version" ASC[0m
  [1m[35m (0.1ms)[0m  [1m[34m            SELECT sql
            FROM sqlite_master
            WHERE name='index_topics_on_topic_id' AND type='index'
            UNION ALL
            SELECT sql
            FROM sqlite_temp_master
            WHERE name='index_topics_on_topic_id' AND type='index'
[0m
  [1m[35m (0.1ms)[0m  [1m[34m            SELECT sql
            FROM sqlite_master
            WHERE name='index_topics_on_knowledge_map_id' AND type='index'
            UNION ALL
            SELECT sql
            FROM sqlite_temp_master
            WHERE name='index_topics_on_knowledge_map_id' AND type='index'
[0m
Started GET "/" for 127.0.0.1 at 2017-06-08 22:21:29 -0400
  [1m[35m (0.7ms)[0m  [1m[34mSELECT "schema_migrations"."version" FROM "schema_migrations" ORDER BY "schema_migrations"."version" ASC[0m
Processing by Rails::WelcomeController#index as HTML
  Rendering /Users/air/.rvm/gems/ruby-2.3.3/gems/railties-5.1.1/lib/rails/templates/rails/welcome/index.html.erb
  Rendered /Users/air/.rvm/gems/ruby-2.3.3/gems/railties-5.1.1/lib/rails/templates/rails/welcome/index.html.erb (7.2ms)
Completed 200 OK in 34ms (Views: 18.2ms | ActiveRecord: 0.0ms)


  [1m[35m (0.3ms)[0m  [1m[36mbegin transaction[0m
  [1m[35mSQL (8.0ms)[0m  [1m[32mINSERT INTO "knowledge_maps" ("name", "description", "created_at", "updated_at") VALUES (?, ?, ?, ?)[0m  [["name", "Test"], ["description", "Test Description"], ["created_at", "2017-06-09 10:49:40.073667"], ["updated_at", "2017-06-09 10:49:40.073667"]]
  [1m[35m (1.0ms)[0m  [1m[36mcommit transaction[0m
  [1m[35m (0.1ms)[0m  [1m[36mbegin transaction[0m
  [1m[35m (0.1ms)[0m  [1m[31mrollback transaction[0m
  [1m[36mKnowledgeMap Load (0.6ms)[0m  [1m[34mSELECT  "knowledge_maps".* FROM "knowledge_maps" ORDER BY "knowledge_maps"."id" ASC LIMIT ?[0m  [["LIMIT", 1]]
  [1m[35m (0.2ms)[0m  [1m[36mbegin transaction[0m
  [1m[35m (0.1ms)[0m  [1m[31mrollback transaction[0m
  [1m[36mKnowledgeMap Load (0.7ms)[0m  [1m[34mSELECT  "knowledge_maps".* FROM "knowledge_maps" ORDER BY "knowledge_maps"."id" ASC LIMIT ?[0m  [["LIMIT", 1]]
  [1m[35m (0.1ms)[0m  [1m[36mbegin transaction[0m
  [1m[35m (0.1ms)[0m  [1m[31mrollback transaction[0m
  [1m[36mKnowledgeMap Load (0.7ms)[0m  [1m[34mSELECT  "knowledge_maps".* FROM "knowledge_maps" ORDER BY "knowledge_maps"."id" ASC LIMIT ?[0m  [["LIMIT", 1]]
  [1m[36mKnowledgeMap Load (0.8ms)[0m  [1m[34mSELECT  "knowledge_maps".* FROM "knowledge_maps" ORDER BY "knowledge_maps"."id" ASC LIMIT ?[0m  [["LIMIT", 1]]
  [1m[35m (0.2ms)[0m  [1m[36mbegin transaction[0m
  [1m[35mSQL (1.8ms)[0m  [1m[32mINSERT INTO "topics" ("name", "classification", "knowledge_map_id", "created_at", "updated_at") VALUES (?, ?, ?, ?, ?)[0m  [["name", "Test Topic"], ["classification", "Subject"], ["knowledge_map_id", 1], ["created_at", "2017-06-09 12:28:33.038068"], ["updated_at", "2017-06-09 12:28:33.038068"]]
  [1m[35m (1.1ms)[0m  [1m[36mcommit transaction[0m
  [1m[35m (1.5ms)[0m  [1m[36mbegin transaction[0m
  [1m[35mSQL (6.1ms)[0m  [1m[32mINSERT INTO "knowledge_maps" ("name", "description", "created_at", "updated_at") VALUES (?, ?, ?, ?)[0m  [["name", "Web Development"], ["description", "Learning Web Development"], ["created_at", "2017-06-14 11:24:38.944664"], ["updated_at", "2017-06-14 11:24:38.944664"]]
  [1m[35m (1.4ms)[0m  [1m[36mcommit transaction[0m
  [1m[36mKnowledgeMap Load (0.6ms)[0m  [1m[34mSELECT  "knowledge_maps".* FROM "knowledge_maps" LIMIT ?[0m  [["LIMIT", 11]]
  [1m[36mKnowledgeMap Load (0.2ms)[0m  [1m[34mSELECT  "knowledge_maps".* FROM "knowledge_maps" LIMIT ?[0m  [["LIMIT", 11]]
  [1m[35m (1.8ms)[0m  [1m[36mbegin transaction[0m
  [1m[35mSQL (23.0ms)[0m  [1m[32mINSERT INTO "knowledge_maps" ("name", "description", "created_at", "updated_at") VALUES (?, ?, ?, ?)[0m  [["name", "Math"], ["description", "All about learning math."], ["created_at", "2017-06-14 11:25:40.698109"], ["updated_at", "2017-06-14 11:25:40.698109"]]
  [1m[35m (3.0ms)[0m  [1m[36mcommit transaction[0m
  [1m[36mKnowledgeMap Load (0.3ms)[0m  [1m[34mSELECT  "knowledge_maps".* FROM "knowledge_maps" LIMIT ?[0m  [["LIMIT", 11]]
  [1m[35m (0.2ms)[0m  [1m[34mSELECT COUNT(*) FROM "knowledge_maps"[0m
Started GET "/" for 127.0.0.1 at 2017-06-14 07:26:18 -0400
  [1m[35m (1.4ms)[0m  [1m[34mSELECT "schema_migrations"."version" FROM "schema_migrations" ORDER BY "schema_migrations"."version" ASC[0m
Processing by Rails::WelcomeController#index as HTML
  Rendering /Users/air/.rvm/gems/ruby-2.3.3@knowledgemaps/gems/railties-5.1.1/lib/rails/templates/rails/welcome/index.html.erb
  Rendered /Users/air/.rvm/gems/ruby-2.3.3@knowledgemaps/gems/railties-5.1.1/lib/rails/templates/rails/welcome/index.html.erb (7.7ms)
Completed 200 OK in 45ms (Views: 19.9ms | ActiveRecord: 0.0ms)


Started GET "/knowledge_maps" for 127.0.0.1 at 2017-06-14 07:26:33 -0400
  
ActionController::RoutingError (undefined method `respond_to' for ApplicationController:Class
Did you mean?  respond_to?):
  
app/controllers/application_controller.rb:3:in `<class:ApplicationController>'
app/controllers/application_controller.rb:1:in `<top (required)>'
app/controllers/knowledge_maps_controller.rb:1:in `<top (required)>'
Started GET "/knowledge_maps" for 127.0.0.1 at 2017-06-14 07:27:12 -0400
  
ActionController::RoutingError (undefined method `respond_with' for ApplicationController:Class
Did you mean?  respond_to?):
  
app/controllers/application_controller.rb:3:in `<class:ApplicationController>'
app/controllers/application_controller.rb:1:in `<top (required)>'
app/controllers/knowledge_maps_controller.rb:1:in `<top (required)>'
Started GET "/knowledge_maps" for 127.0.0.1 at 2017-06-14 07:30:49 -0400
  [1m[35m (1.1ms)[0m  [1m[34mSELECT "schema_migrations"."version" FROM "schema_migrations" ORDER BY "schema_migrations"."version" ASC[0m
  
ActionController::RoutingError (undefined method `respond_with' for ApplicationController:Class
Did you mean?  respond_to):
  
app/controllers/application_controller.rb:3:in `<class:ApplicationController>'
app/controllers/application_controller.rb:1:in `<top (required)>'
app/controllers/knowledge_maps_controller.rb:1:in `<top (required)>'
Started GET "/knowledge_maps" for 127.0.0.1 at 2017-06-14 07:31:31 -0400
Processing by KnowledgeMapsController#index as HTML
Completed 406 Not Acceptable in 246ms


  
ActionController::UnknownFormat (KnowledgeMapsController#index is missing a template for this request format and variant.

request.formats: ["text/html"]
request.variant: []

NOTE! For XHR/Ajax or API requests, this action would normally respond with 204 No Content: an empty white screen. Since you're loading it in a web browser, we assume that you expected to actually render a template, not nothing, so we're showing an error to be extra-clear. If you expect 204 No Content, carry on. That's what you'll get from an XHR or API request. Give it a shot.):
  
actionpack (5.1.1) lib/action_controller/metal/implicit_render.rb:53:in `default_render'
actionpack (5.1.1) lib/action_controller/metal/basic_implicit_render.rb:4:in `block in send_action'
actionpack (5.1.1) lib/action_controller/metal/basic_implicit_render.rb:4:in `tap'
actionpack (5.1.1) lib/action_controller/metal/basic_implicit_render.rb:4:in `send_action'
actionpack (5.1.1) lib/abstract_controller/base.rb:186:in `process_action'
actionpack (5.1.1) lib/action_controller/metal/rendering.rb:30:in `process_action'
actionpack (5.1.1) lib/abstract_controller/callbacks.rb:20:in `block in process_action'
activesupport (5.1.1) lib/active_support/callbacks.rb:131:in `run_callbacks'
actionpack (5.1.1) lib/abstract_controller/callbacks.rb:19:in `process_action'
actionpack (5.1.1) lib/action_controller/metal/rescue.rb:20:in `process_action'
actionpack (5.1.1) lib/action_controller/metal/instrumentation.rb:32:in `block in process_action'
activesupport (5.1.1) lib/active_support/notifications.rb:166:in `block in instrument'
activesupport (5.1.1) lib/active_support/notifications/instrumenter.rb:21:in `instrument'
activesupport (5.1.1) lib/active_support/notifications.rb:166:in `instrument'
actionpack (5.1.1) lib/action_controller/metal/instrumentation.rb:30:in `process_action'
actionpack (5.1.1) lib/action_controller/metal/params_wrapper.rb:252:in `process_action'
activerecord (5.1.1) lib/active_record/railties/controller_runtime.rb:22:in `process_action'
actionpack (5.1.1) lib/abstract_controller/base.rb:124:in `process'
actionview (5.1.1) lib/action_view/rendering.rb:30:in `process'
actionpack (5.1.1) lib/action_controller/metal.rb:189:in `dispatch'
actionpack (5.1.1) lib/action_controller/metal.rb:253:in `dispatch'
actionpack (5.1.1) lib/action_dispatch/routing/route_set.rb:49:in `dispatch'
actionpack (5.1.1) lib/action_dispatch/routing/route_set.rb:31:in `serve'
actionpack (5.1.1) lib/action_dispatch/journey/router.rb:46:in `block in serve'
actionpack (5.1.1) lib/action_dispatch/journey/router.rb:33:in `each'
actionpack (5.1.1) lib/action_dispatch/journey/router.rb:33:in `serve'
actionpack (5.1.1) lib/action_dispatch/routing/route_set.rb:832:in `call'
rack (2.0.3) lib/rack/etag.rb:25:in `call'
rack (2.0.3) lib/rack/conditional_get.rb:25:in `call'
rack (2.0.3) lib/rack/head.rb:12:in `call'
rack (2.0.3) lib/rack/session/abstract/id.rb:232:in `context'
rack (2.0.3) lib/rack/session/abstract/id.rb:226:in `call'
actionpack (5.1.1) lib/action_dispatch/middleware/cookies.rb:613:in `call'
activerecord (5.1.1) lib/active_record/migration.rb:556:in `call'
actionpack (5.1.1) lib/action_dispatch/middleware/callbacks.rb:26:in `block in call'
activesupport (5.1.1) lib/active_support/callbacks.rb:97:in `run_callbacks'
actionpack (5.1.1) lib/action_dispatch/middleware/callbacks.rb:24:in `call'
actionpack (5.1.1) lib/action_dispatch/middleware/executor.rb:12:in `call'
actionpack (5.1.1) lib/action_dispatch/middleware/debug_exceptions.rb:59:in `call'
web-console (3.5.1) lib/web_console/middleware.rb:135:in `call_app'
web-console (3.5.1) lib/web_console/middleware.rb:28:in `block in call'
web-console (3.5.1) lib/web_console/middleware.rb:18:in `catch'
web-console (3.5.1) lib/web_console/middleware.rb:18:in `call'
actionpack (5.1.1) lib/action_dispatch/middleware/show_exceptions.rb:31:in `call'
railties (5.1.1) lib/rails/rack/logger.rb:36:in `call_app'
railties (5.1.1) lib/rails/rack/logger.rb:24:in `block in call'
activesupport (5.1.1) lib/active_support/tagged_logging.rb:69:in `block in tagged'
activesupport (5.1.1) lib/active_support/tagged_logging.rb:26:in `tagged'
activesupport (5.1.1) lib/active_support/tagged_logging.rb:69:in `tagged'
railties (5.1.1) lib/rails/rack/logger.rb:24:in `call'
sprockets-rails (3.2.0) lib/sprockets/rails/quiet_assets.rb:13:in `call'
actionpack (5.1.1) lib/action_dispatch/middleware/remote_ip.rb:79:in `call'
actionpack (5.1.1) lib/action_dispatch/middleware/request_id.rb:25:in `call'
rack (2.0.3) lib/rack/method_override.rb:22:in `call'
rack (2.0.3) lib/rack/runtime.rb:22:in `call'
activesupport (5.1.1) lib/active_support/cache/strategy/local_cache_middleware.rb:27:in `call'
actionpack (5.1.1) lib/action_dispatch/middleware/executor.rb:12:in `call'
actionpack (5.1.1) lib/action_dispatch/middleware/static.rb:125:in `call'
rack (2.0.3) lib/rack/sendfile.rb:111:in `call'
railties (5.1.1) lib/rails/engine.rb:522:in `call'
puma (3.9.1) lib/puma/configuration.rb:224:in `call'
puma (3.9.1) lib/puma/server.rb:602:in `handle_request'
puma (3.9.1) lib/puma/server.rb:435:in `process_client'
puma (3.9.1) lib/puma/server.rb:299:in `block in run'
puma (3.9.1) lib/puma/thread_pool.rb:120:in `block in spawn_thread'
Started GET "/knowledge_maps.json" for 127.0.0.1 at 2017-06-14 07:32:06 -0400
Processing by KnowledgeMapsController#index as JSON
No template found for KnowledgeMapsController#index, rendering head :no_content
Completed 204 No Content in 203ms


Started GET "/knowledge_maps.json" for 127.0.0.1 at 2017-06-14 07:32:32 -0400
Processing by KnowledgeMapsController#index as JSON
No template found for KnowledgeMapsController#index, rendering head :no_content
Completed 204 No Content in 204ms


Started GET "/knowledge_maps" for 127.0.0.1 at 2017-06-14 07:33:59 -0400
Processing by KnowledgeMapsController#index as HTML
Completed 406 Not Acceptable in 14ms


  
ActionController::UnknownFormat (ActionController::UnknownFormat):
  
app/controllers/knowledge_maps_controller.rb:7:in `index'
Started GET "/knowledge_maps" for 127.0.0.1 at 2017-06-14 07:34:19 -0400
Processing by KnowledgeMapsController#index as HTML
Completed 406 Not Acceptable in 18ms


  
ActionController::UnknownFormat (ActionController::UnknownFormat):
  
app/controllers/knowledge_maps_controller.rb:7:in `index'
Started GET "/knowledge_maps" for 127.0.0.1 at 2017-06-14 07:34:31 -0400
Processing by KnowledgeMapsController#index as HTML
  [1m[36mKnowledgeMap Load (0.4ms)[0m  [1m[34mSELECT "knowledge_maps".* FROM "knowledge_maps"[0m
Completed 406 Not Acceptable in 98ms (ActiveRecord: 2.6ms)


  
ActionController::UnknownFormat (ActionController::UnknownFormat):
  
app/controllers/knowledge_maps_controller.rb:8:in `index'
Started GET "/knowledge_maps" for 127.0.0.1 at 2017-06-14 07:37:32 -0400
Processing by KnowledgeMapsController#index as HTML
  [1m[36mKnowledgeMap Load (0.3ms)[0m  [1m[34mSELECT "knowledge_maps".* FROM "knowledge_maps"[0m
Completed 200 OK in 63ms (Views: 34.6ms | ActiveRecord: 2.1ms)


Started GET "/knowledge_maps" for 127.0.0.1 at 2017-06-14 07:38:06 -0400
Processing by KnowledgeMapsController#index as HTML
  [1m[36mKnowledgeMap Load (1.3ms)[0m  [1m[34mSELECT "knowledge_maps".* FROM "knowledge_maps"[0m
Completed 200 OK in 30ms (Views: 18.5ms | ActiveRecord: 1.3ms)


Started GET "/knowledge_maps/2" for 127.0.0.1 at 2017-06-14 07:38:41 -0400
Processing by KnowledgeMapsController#show as HTML
  Parameters: {"id"=>"2"}
  [1m[36mKnowledgeMap Load (2.5ms)[0m  [1m[34mSELECT  "knowledge_maps".* FROM "knowledge_maps" WHERE "knowledge_maps"."id" = ? LIMIT ?[0m  [["id", 2], ["LIMIT", 1]]
Completed 406 Not Acceptable in 344ms (ActiveRecord: 2.5ms)


  
ActionController::UnknownFormat (KnowledgeMapsController#show is missing a template for this request format and variant.

request.formats: ["text/html"]
request.variant: []

NOTE! For XHR/Ajax or API requests, this action would normally respond with 204 No Content: an empty white screen. Since you're loading it in a web browser, we assume that you expected to actually render a template, not nothing, so we're showing an error to be extra-clear. If you expect 204 No Content, carry on. That's what you'll get from an XHR or API request. Give it a shot.):
  
actionpack (5.1.1) lib/action_controller/metal/implicit_render.rb:53:in `default_render'
actionpack (5.1.1) lib/action_controller/metal/basic_implicit_render.rb:4:in `block in send_action'
actionpack (5.1.1) lib/action_controller/metal/basic_implicit_render.rb:4:in `tap'
actionpack (5.1.1) lib/action_controller/metal/basic_implicit_render.rb:4:in `send_action'
actionpack (5.1.1) lib/abstract_controller/base.rb:186:in `process_action'
actionpack (5.1.1) lib/action_controller/metal/rendering.rb:30:in `process_action'
actionpack (5.1.1) lib/abstract_controller/callbacks.rb:20:in `block in process_action'
activesupport (5.1.1) lib/active_support/callbacks.rb:131:in `run_callbacks'
actionpack (5.1.1) lib/abstract_controller/callbacks.rb:19:in `process_action'
actionpack (5.1.1) lib/action_controller/metal/rescue.rb:20:in `process_action'
actionpack (5.1.1) lib/action_controller/metal/instrumentation.rb:32:in `block in process_action'
activesupport (5.1.1) lib/active_support/notifications.rb:166:in `block in instrument'
activesupport (5.1.1) lib/active_support/notifications/instrumenter.rb:21:in `instrument'
activesupport (5.1.1) lib/active_support/notifications.rb:166:in `instrument'
actionpack (5.1.1) lib/action_controller/metal/instrumentation.rb:30:in `process_action'
actionpack (5.1.1) lib/action_controller/metal/params_wrapper.rb:252:in `process_action'
activerecord (5.1.1) lib/active_record/railties/controller_runtime.rb:22:in `process_action'
actionpack (5.1.1) lib/abstract_controller/base.rb:124:in `process'
actionview (5.1.1) lib/action_view/rendering.rb:30:in `process'
actionpack (5.1.1) lib/action_controller/metal.rb:189:in `dispatch'
actionpack (5.1.1) lib/action_controller/metal.rb:253:in `dispatch'
actionpack (5.1.1) lib/action_dispatch/routing/route_set.rb:49:in `dispatch'
actionpack (5.1.1) lib/action_dispatch/routing/route_set.rb:31:in `serve'
actionpack (5.1.1) lib/action_dispatch/journey/router.rb:46:in `block in serve'
actionpack (5.1.1) lib/action_dispatch/journey/router.rb:33:in `each'
actionpack (5.1.1) lib/action_dispatch/journey/router.rb:33:in `serve'
actionpack (5.1.1) lib/action_dispatch/routing/route_set.rb:832:in `call'
rack (2.0.3) lib/rack/etag.rb:25:in `call'
rack (2.0.3) lib/rack/conditional_get.rb:25:in `call'
rack (2.0.3) lib/rack/head.rb:12:in `call'
rack (2.0.3) lib/rack/session/abstract/id.rb:232:in `context'
rack (2.0.3) lib/rack/session/abstract/id.rb:226:in `call'
actionpack (5.1.1) lib/action_dispatch/middleware/cookies.rb:613:in `call'
activerecord (5.1.1) lib/active_record/migration.rb:556:in `call'
actionpack (5.1.1) lib/action_dispatch/middleware/callbacks.rb:26:in `block in call'
activesupport (5.1.1) lib/active_support/callbacks.rb:97:in `run_callbacks'
actionpack (5.1.1) lib/action_dispatch/middleware/callbacks.rb:24:in `call'
actionpack (5.1.1) lib/action_dispatch/middleware/executor.rb:12:in `call'
actionpack (5.1.1) lib/action_dispatch/middleware/debug_exceptions.rb:59:in `call'
web-console (3.5.1) lib/web_console/middleware.rb:135:in `call_app'
web-console (3.5.1) lib/web_console/middleware.rb:28:in `block in call'
web-console (3.5.1) lib/web_console/middleware.rb:18:in `catch'
web-console (3.5.1) lib/web_console/middleware.rb:18:in `call'
actionpack (5.1.1) lib/action_dispatch/middleware/show_exceptions.rb:31:in `call'
railties (5.1.1) lib/rails/rack/logger.rb:36:in `call_app'
railties (5.1.1) lib/rails/rack/logger.rb:24:in `block in call'
activesupport (5.1.1) lib/active_support/tagged_logging.rb:69:in `block in tagged'
activesupport (5.1.1) lib/active_support/tagged_logging.rb:26:in `tagged'
activesupport (5.1.1) lib/active_support/tagged_logging.rb:69:in `tagged'
railties (5.1.1) lib/rails/rack/logger.rb:24:in `call'
sprockets-rails (3.2.0) lib/sprockets/rails/quiet_assets.rb:13:in `call'
actionpack (5.1.1) lib/action_dispatch/middleware/remote_ip.rb:79:in `call'
actionpack (5.1.1) lib/action_dispatch/middleware/request_id.rb:25:in `call'
rack (2.0.3) lib/rack/method_override.rb:22:in `call'
rack (2.0.3) lib/rack/runtime.rb:22:in `call'
activesupport (5.1.1) lib/active_support/cache/strategy/local_cache_middleware.rb:27:in `call'
actionpack (5.1.1) lib/action_dispatch/middleware/executor.rb:12:in `call'
actionpack (5.1.1) lib/action_dispatch/middleware/static.rb:125:in `call'
rack (2.0.3) lib/rack/sendfile.rb:111:in `call'
railties (5.1.1) lib/rails/engine.rb:522:in `call'
puma (3.9.1) lib/puma/configuration.rb:224:in `call'
puma (3.9.1) lib/puma/server.rb:602:in `handle_request'
puma (3.9.1) lib/puma/server.rb:435:in `process_client'
puma (3.9.1) lib/puma/server.rb:299:in `block in run'
puma (3.9.1) lib/puma/thread_pool.rb:120:in `block in spawn_thread'
Started GET "/knowledge_maps/2" for 127.0.0.1 at 2017-06-14 07:39:40 -0400
Processing by KnowledgeMapsController#show as HTML
  Parameters: {"id"=>"2"}
  [1m[36mKnowledgeMap Load (0.6ms)[0m  [1m[34mSELECT  "knowledge_maps".* FROM "knowledge_maps" WHERE "knowledge_maps"."id" = ? LIMIT ?[0m  [["id", 2], ["LIMIT", 1]]
Completed 200 OK in 56ms (Views: 1.7ms | ActiveRecord: 2.3ms)


